app/build/intermediates/manifest_merge_blame_file/debug/manifest-merger-blame-debug-report.txt
1<?xml version="1.0" encoding="utf-8"?>
2<manifest xmlns:android="http://schemas.android.com/apk/res/android"
3    package="com.alex.iptvplayer"
4    android:versionCode="1"
5    android:versionName="1.0.0" >
6
7    <uses-sdk
8        android:minSdkVersion="21"
9        android:targetSdkVersion="34" />
10
11    <uses-permission android:name="android.permission.INTERNET" />
11-->src\main\AndroidManifest.xml:4:5-67
11-->src\main\AndroidManifest.xml:4:22-64
12    <uses-permission android:name="android.permission.ACCESS_NETWORK_STATE" />
12-->src\main\AndroidManifest.xml:5:5-79
12-->src\main\AndroidManifest.xml:5:22-76
13
14    <!-- Android TV / Leanback Unterstützung -->
15    <uses-feature
15-->src\main\AndroidManifest.xml:8:5-10:36
16        android:name="android.software.leanback"
16-->src\main\AndroidManifest.xml:9:9-49
17        android:required="false" />
17-->src\main\AndroidManifest.xml:10:9-33
18    <uses-feature
18-->src\main\AndroidManifest.xml:11:5-13:36
19        android:name="android.hardware.touchscreen"
19-->src\main\AndroidManifest.xml:12:9-52
20        android:required="false" />
20-->src\main\AndroidManifest.xml:13:9-33
21
22    <permission
22-->[androidx.core:core:1.12.0] AndroidManifest.xml:22:5-24:47
23        android:name="com.alex.iptvplayer.DYNAMIC_RECEIVER_NOT_EXPORTED_PERMISSION"
23-->[androidx.core:core:1.12.0] AndroidManifest.xml:23:9-81
24        android:protectionLevel="signature" />
24-->[androidx.core:core:1.12.0] AndroidManifest.xml:24:9-44
25
26    <uses-permission android:name="com.alex.iptvplayer.DYNAMIC_RECEIVER_NOT_EXPORTED_PERMISSION" />
26-->[androidx.core:core:1.12.0] AndroidManifest.xml:26:5-97
26-->[androidx.core:core:1.12.0] AndroidManifest.xml:26:22-94
27
28    <application
28-->src\main\AndroidManifest.xml:15:5-69:19
29        android:allowBackup="true"
29-->src\main\AndroidManifest.xml:16:9-35
30        android:appComponentFactory="androidx.core.app.CoreComponentFactory"
30-->[androidx.core:core:1.12.0] AndroidManifest.xml:28:18-86
31        android:banner="@drawable/tv_banner"
31-->src\main\AndroidManifest.xml:19:9-45
32        android:debuggable="true"
33        android:extractNativeLibs="true"
34        android:icon="@drawable/tv_banner"
34-->src\main\AndroidManifest.xml:17:9-43
35        android:label="@string/app_name"
35-->src\main\AndroidManifest.xml:18:9-41
36        android:supportsRtl="true"
36-->src\main\AndroidManifest.xml:20:9-35
37        android:theme="@style/Theme.AlexIPTVPlayer"
37-->src\main\AndroidManifest.xml:21:9-52
38        android:usesCleartextTraffic="true" >
38-->src\main\AndroidManifest.xml:22:9-44
39        <activity
39-->src\main\AndroidManifest.xml:24:9-36:20
40            android:name="com.alex.iptvplayer.ui.MainActivity"
40-->src\main\AndroidManifest.xml:25:13-44
41            android:banner="@drawable/tv_banner"
41-->src\main\AndroidManifest.xml:26:13-49
42            android:exported="true"
42-->src\main\AndroidManifest.xml:27:13-36
43            android:icon="@drawable/tv_banner"
43-->src\main\AndroidManifest.xml:28:13-47
44            android:label="@string/app_name"
44-->src\main\AndroidManifest.xml:29:13-45
45            android:screenOrientation="landscape" >
45-->src\main\AndroidManifest.xml:30:13-50
46            <intent-filter>
46-->src\main\AndroidManifest.xml:31:13-35:29
47                <action android:name="android.intent.action.MAIN" />
47-->src\main\AndroidManifest.xml:32:17-69
47-->src\main\AndroidManifest.xml:32:25-66
48
49                <category android:name="android.intent.category.LAUNCHER" />
49-->src\main\AndroidManifest.xml:33:17-77
49-->src\main\AndroidManifest.xml:33:27-74
50                <category android:name="android.intent.category.LEANBACK_LAUNCHER" />
50-->src\main\AndroidManifest.xml:34:17-86
50-->src\main\AndroidManifest.xml:34:27-83
51            </intent-filter>
52        </activity>
53        <activity
53-->src\main\AndroidManifest.xml:38:9-41:53
54            android:name="com.alex.iptvplayer.ui.LiveTvActivity"
54-->src\main\AndroidManifest.xml:39:13-46
55            android:exported="false"
55-->src\main\AndroidManifest.xml:40:13-37
56            android:screenOrientation="landscape" />
56-->src\main\AndroidManifest.xml:41:13-50
57        <activity
57-->src\main\AndroidManifest.xml:43:9-46:53
58            android:name="com.alex.iptvplayer.ui.VodActivity"
58-->src\main\AndroidManifest.xml:44:13-43
59            android:exported="false"
59-->src\main\AndroidManifest.xml:45:13-37
60            android:screenOrientation="landscape" />
60-->src\main\AndroidManifest.xml:46:13-50
61        <activity
61-->src\main\AndroidManifest.xml:48:9-51:53
62            android:name="com.alex.iptvplayer.ui.SeriesActivity"
62-->src\main\AndroidManifest.xml:49:13-46
63            android:exported="false"
63-->src\main\AndroidManifest.xml:50:13-37
64            android:screenOrientation="landscape" />
64-->src\main\AndroidManifest.xml:51:13-50
65        <activity
65-->src\main\AndroidManifest.xml:53:9-56:53
66            android:name="com.alex.iptvplayer.ui.SeriesDetailActivity"
66-->src\main\AndroidManifest.xml:54:13-52
67            android:exported="false"
67-->src\main\AndroidManifest.xml:55:13-37
68            android:screenOrientation="landscape" />
68-->src\main\AndroidManifest.xml:56:13-50
69        <activity
69-->src\main\AndroidManifest.xml:58:9-62:53
70            android:name="com.alex.iptvplayer.ui.PlayerActivity"
70-->src\main\AndroidManifest.xml:59:13-46
71            android:configChanges="keyboard|keyboardHidden|navigation|orientation|screenLayout|screenSize|smallestScreenSize|uiMode"
71-->src\main\AndroidManifest.xml:60:13-133
72            android:exported="false"
72-->src\main\AndroidManifest.xml:61:13-37
73            android:screenOrientation="landscape" />
73-->src\main\AndroidManifest.xml:62:13-50
74        <activity
74-->src\main\AndroidManifest.xml:64:9-67:53
75            android:name="com.alex.iptvplayer.ui.SettingsActivity"
75-->src\main\AndroidManifest.xml:65:13-48
76            android:exported="false"
76-->src\main\AndroidManifest.xml:66:13-37
77            android:screenOrientation="landscape" />
77-->src\main\AndroidManifest.xml:67:13-50
78
79        <provider
79-->[androidx.emoji2:emoji2:1.2.0] AndroidManifest.xml:24:9-32:20
80            android:name="androidx.startup.InitializationProvider"
80-->[androidx.emoji2:emoji2:1.2.0] AndroidManifest.xml:25:13-67
81            android:authorities="com.alex.iptvplayer.androidx-startup"
81-->[androidx.emoji2:emoji2:1.2.0] AndroidManifest.xml:26:13-68
82            android:exported="false" >
82-->[androidx.emoji2:emoji2:1.2.0] AndroidManifest.xml:27:13-37
83            <meta-data
83-->[androidx.emoji2:emoji2:1.2.0] AndroidManifest.xml:29:13-31:52
84                android:name="androidx.emoji2.text.EmojiCompatInitializer"
84-->[androidx.emoji2:emoji2:1.2.0] AndroidManifest.xml:30:17-75
85                android:value="androidx.startup" />
85-->[androidx.emoji2:emoji2:1.2.0] AndroidManifest.xml:31:17-49
86            <meta-data
86-->[androidx.lifecycle:lifecycle-process:2.6.1] AndroidManifest.xml:29:13-31:52
87                android:name="androidx.lifecycle.ProcessLifecycleInitializer"
87-->[androidx.lifecycle:lifecycle-process:2.6.1] AndroidManifest.xml:30:17-78
88                android:value="androidx.startup" />
88-->[androidx.lifecycle:lifecycle-process:2.6.1] AndroidManifest.xml:31:17-49
89            <meta-data
89-->[androidx.profileinstaller:profileinstaller:1.3.0] AndroidManifest.xml:29:13-31:52
90                android:name="androidx.profileinstaller.ProfileInstallerInitializer"
90-->[androidx.profileinstaller:profileinstaller:1.3.0] AndroidManifest.xml:30:17-85
91                android:value="androidx.startup" />
91-->[androidx.profileinstaller:profileinstaller:1.3.0] AndroidManifest.xml:31:17-49
92        </provider>
93
94        <receiver
94-->[androidx.profileinstaller:profileinstaller:1.3.0] AndroidManifest.xml:34:9-52:20
95            android:name="androidx.profileinstaller.ProfileInstallReceiver"
95-->[androidx.profileinstaller:profileinstaller:1.3.0] AndroidManifest.xml:35:13-76
96            android:directBootAware="false"
96-->[androidx.profileinstaller:profileinstaller:1.3.0] AndroidManifest.xml:36:13-44
97            android:enabled="true"
97-->[androidx.profileinstaller:profileinstaller:1.3.0] AndroidManifest.xml:37:13-35
98            android:exported="true"
98-->[androidx.profileinstaller:profileinstaller:1.3.0] AndroidManifest.xml:38:13-36
99            android:permission="android.permission.DUMP" >
99-->[androidx.profileinstaller:profileinstaller:1.3.0] AndroidManifest.xml:39:13-57
100            <intent-filter>
100-->[androidx.profileinstaller:profileinstaller:1.3.0] AndroidManifest.xml:40:13-42:29
101                <action android:name="androidx.profileinstaller.action.INSTALL_PROFILE" />
101-->[androidx.profileinstaller:profileinstaller:1.3.0] AndroidManifest.xml:41:17-91
101-->[androidx.profileinstaller:profileinstaller:1.3.0] AndroidManifest.xml:41:25-88
102            </intent-filter>
103            <intent-filter>
103-->[androidx.profileinstaller:profileinstaller:1.3.0] AndroidManifest.xml:43:13-45:29
104                <action android:name="androidx.profileinstaller.action.SKIP_FILE" />
104-->[androidx.profileinstaller:profileinstaller:1.3.0] AndroidManifest.xml:44:17-85
104-->[androidx.profileinstaller:profileinstaller:1.3.0] AndroidManifest.xml:44:25-82
105            </intent-filter>
106            <intent-filter>
106-->[androidx.profileinstaller:profileinstaller:1.3.0] AndroidManifest.xml:46:13-48:29
107                <action android:name="androidx.profileinstaller.action.SAVE_PROFILE" />
107-->[androidx.profileinstaller:profileinstaller:1.3.0] AndroidManifest.xml:47:17-88
107-->[androidx.profileinstaller:profileinstaller:1.3.0] AndroidManifest.xml:47:25-85
108            </intent-filter>
109            <intent-filter>
109-->[androidx.profileinstaller:profileinstaller:1.3.0] AndroidManifest.xml:49:13-51:29
110                <action android:name="androidx.profileinstaller.action.BENCHMARK_OPERATION" />
110-->[androidx.profileinstaller:profileinstaller:1.3.0] AndroidManifest.xml:50:17-95
110-->[androidx.profileinstaller:profileinstaller:1.3.0] AndroidManifest.xml:50:25-92
111            </intent-filter>
112        </receiver>
113    </application>
114
115</manifest>